#
# There is insufficient memory for the Java Runtime Environment to continue.
# Native memory allocation (malloc) failed to allocate 368656 bytes for Chunk::new
# Possible reasons:
#   The system is out of physical RAM or swap space
#   In 32 bit mode, the process size limit was hit
# Possible solutions:
#   Reduce memory load on the system
#   Increase physical memory or swap space
#   Check if swap backing store is full
#   Use 64 bit Java on a 64 bit OS
#   Decrease Java heap size (-Xmx/-Xms)
#   Decrease number of Java threads
#   Decrease Java thread stack sizes (-Xss)
#   Set larger code cache with -XX:ReservedCodeCacheSize=
# This output file may be truncated or incomplete.
#
#  Out of Memory Error (allocation.cpp:390), pid=5604, tid=5056
#
# JRE version:  (8.0_65-b17) (build )
# Java VM: Java HotSpot(TM) 64-Bit Server VM (25.65-b01 mixed mode windows-amd64 compressed oops)
# Failed to write core dump. Minidumps are not enabled by default on client versions of Windows
#

---------------  T H R E A D  ---------------

Current thread (0x0000000001f00800):  JavaThread "Unknown thread" [_thread_in_vm, id=5056, stack(0x0000000001d30000,0x0000000001e30000)]

Stack: [0x0000000001d30000,0x0000000001e30000]
[error occurred during error reporting (printing stack bounds), id 0xc0000005]

Native frames: (J=compiled Java code, j=interpreted, Vv=VM code, C=native code)


---------------  P R O C E S S  ---------------

Java Threads: ( => current thread )

Other Threads:

=>0x0000000001f00800 (exited) JavaThread "Unknown thread" [_thread_in_vm, id=5056, stack(0x0000000001d30000,0x0000000001e30000)]

VM state:not at safepoint (not fully initialized)

VM Mutex/Monitor currently owned by a thread: None

GC Heap History (0 events):
No events

Deoptimization events (0 events):
No events

Internal exceptions (0 events):
No events

Events (0 events):
No events


Dynamic libraries:
0x00007ff6715e0000 - 0x00007ff671617000 	C:\Program Files\Java\jdk1.8.0_65\bin\java.exe
0x00007ffb23020000 - 0x00007ffb231cc000 	C:\Windows\SYSTEM32\ntdll.dll
0x00007ffb21f20000 - 0x00007ffb2205e000 	C:\Windows\system32\KERNEL32.DLL
0x00007ffb202f0000 - 0x00007ffb20405000 	C:\Windows\system32\KERNELBASE.dll
0x00007ffb1ed10000 - 0x00007ffb1ed9e000 	C:\Windows\system32\apphelp.dll
0x00007ffb1c830000 - 0x00007ffb1c883000 	C:\Windows\AppPatch\AppPatch64\AcGenral.DLL
0x00007ffb22690000 - 0x00007ffb2273a000 	C:\Windows\system32\msvcrt.dll
0x00007ffb1ff40000 - 0x00007ffb1ff6e000 	C:\Windows\SYSTEM32\SspiCli.dll
0x00007ffb20990000 - 0x00007ffb209e4000 	C:\Windows\system32\SHLWAPI.dll
0x00007ffb22350000 - 0x00007ffb224c7000 	C:\Windows\system32\USER32.dll
0x00007ffb22d20000 - 0x00007ffb22eb4000 	C:\Windows\system32\ole32.dll
0x00007ffb209f0000 - 0x00007ffb21f1b000 	C:\Windows\system32\SHELL32.dll
0x00007ffb1f710000 - 0x00007ffb1f731000 	C:\Windows\SYSTEM32\USERENV.dll
0x00007ffb208e0000 - 0x00007ffb2098a000 	C:\Windows\system32\ADVAPI32.dll
0x00007ffb1d6d0000 - 0x00007ffb1d6ee000 	C:\Windows\SYSTEM32\MPR.dll
0x00007ffb224d0000 - 0x00007ffb22611000 	C:\Windows\system32\RPCRT4.dll
0x00007ffb22a10000 - 0x00007ffb22a69000 	C:\Windows\SYSTEM32\sechost.dll
0x00007ffb206c0000 - 0x00007ffb208d1000 	C:\Windows\SYSTEM32\combase.dll
0x00007ffb22880000 - 0x00007ffb229d0000 	C:\Windows\system32\GDI32.dll
0x00007ffb20170000 - 0x00007ffb20185000 	C:\Windows\SYSTEM32\profapi.dll
0x00007ffb1ead0000 - 0x00007ffb1eb82000 	C:\Windows\SYSTEM32\SHCORE.dll
0x00007ffb229d0000 - 0x00007ffb22a06000 	C:\Windows\system32\IMM32.DLL
0x00007ffb22ec0000 - 0x00007ffb23012000 	C:\Windows\system32\MSCTF.dll
0x00007ffb154d0000 - 0x00007ffb1574b000 	C:\Windows\WinSxS\amd64_microsoft.windows.common-controls_6595b64144ccf1df_6.0.9600.18006_none_623f33d3ecbe86e8\COMCTL32.dll
0x0000000064580000 - 0x0000000064652000 	C:\Program Files\Java\jdk1.8.0_65\jre\bin\msvcr100.dll
0x0000000064ae0000 - 0x0000000065369000 	C:\Program Files\Java\jdk1.8.0_65\jre\bin\server\jvm.dll
0x00007ffb1e540000 - 0x00007ffb1e549000 	C:\Windows\SYSTEM32\WSOCK32.dll
0x00007ffb1c740000 - 0x00007ffb1c762000 	C:\Windows\SYSTEM32\WINMM.dll
0x00007ffb1d240000 - 0x00007ffb1d24a000 	C:\Windows\SYSTEM32\VERSION.dll
0x00007ffb22680000 - 0x00007ffb22687000 	C:\Windows\system32\PSAPI.DLL
0x00007ffb22620000 - 0x00007ffb2267a000 	C:\Windows\system32\WS2_32.dll
0x00007ffb1c090000 - 0x00007ffb1c0ba000 	C:\Windows\SYSTEM32\WINMMBASE.dll
0x00007ffb22b30000 - 0x00007ffb22b39000 	C:\Windows\system32\NSI.dll
0x00007ffb20470000 - 0x00007ffb204bf000 	C:\Windows\SYSTEM32\cfgmgr32.dll
0x00007ffb1ef70000 - 0x00007ffb1ef98000 	C:\Windows\SYSTEM32\DEVOBJ.dll
0x00000000649f0000 - 0x00000000649ff000 	C:\Program Files\Java\jdk1.8.0_65\jre\bin\verify.dll
0x00000000649c0000 - 0x00000000649e9000 	C:\Program Files\Java\jdk1.8.0_65\jre\bin\java.dll
0x00000000649a0000 - 0x00000000649b6000 	C:\Program Files\Java\jdk1.8.0_65\jre\bin\zip.dll

VM Arguments:
jvm_args: -Xmx1024M -Dfile.encoding=windows-1252 -Duser.country=BR -Duser.language=pt -Duser.variant 
java_command: com.android.dx.command.Main --dex --output C:\Users\Carol\Desktop\NavigationView-master\app\build\intermediates\pre-dexed\debug\internal_impl-22.2.0-75ac8ebb9fb9f1f915b606c00916522aa3418e24.jar C:\Users\Carol\Desktop\NavigationView-master\app\build\intermediates\exploded-aar\com.android.support\support-v4\22.2.0\jars\libs\internal_impl-22.2.0.jar
java_class_path (initial): C:\Users\Carol\AppData\Local\Android\sdk\build-tools\22.0.1\lib\dx.jar
Launcher Type: SUN_STANDARD

Environment Variables:
PATH=C:\ProgramData\Oracle\Java\javapath;C:\Windows\system32;C:\Windows;C:\Windows\System32\Wbem;C:\Windows\System32\WindowsPowerShell\v1.0\;C:\Program Files\nodejs\;C:\Users\Carol\AppData\Roaming\npm
USERNAME=Carol
OS=Windows_NT
PROCESSOR_IDENTIFIER=Intel64 Family 6 Model 37 Stepping 5, GenuineIntel



---------------  S Y S T E M  ---------------

OS: Windows 8.1 , 64 bit Build 9600 (6.3.9600.17415)

CPU:total 4 (2 cores per cpu, 2 threads per core) family 6 model 37 stepping 5, cmov, cx8, fxsr, mmx, sse, sse2, sse3, ssse3, sse4.1, sse4.2, popcnt, ht, tsc, tscinvbit

Memory: 4k page, physical 3987308k(706660k free), swap 3987308k(3164k free)

vm_info: Java HotSpot(TM) 64-Bit Server VM (25.65-b01) for windows-amd64 JRE (1.8.0_65-b17), built on Oct  6 2015 16:39:20 by "java_re" with MS VC++ 10.0 (VS2010)

time: Fri Jan 15 22:37:02 2016
elapsed time: 0 seconds (0d 0h 0m 0s)

