#
# There is insufficient memory for the Java Runtime Environment to continue.
# Native memory allocation (malloc) failed to allocate 203776 bytes for Chunk::new
# Possible reasons:
#   The system is out of physical RAM or swap space
#   In 32 bit mode, the process size limit was hit
# Possible solutions:
#   Reduce memory load on the system
#   Increase physical memory or swap space
#   Check if swap backing store is full
#   Use 64 bit Java on a 64 bit OS
#   Decrease Java heap size (-Xmx/-Xms)
#   Decrease number of Java threads
#   Decrease Java thread stack sizes (-Xss)
#   Set larger code cache with -XX:ReservedCodeCacheSize=
# This output file may be truncated or incomplete.
#
#  Out of Memory Error (allocation.cpp:390), pid=1924, tid=548
#
# JRE version: Java(TM) SE Runtime Environment (8.0_65-b17) (build 1.8.0_65-b17)
# Java VM: Java HotSpot(TM) 64-Bit Server VM (25.65-b01 mixed mode windows-amd64 compressed oops)
# Failed to write core dump. Minidumps are not enabled by default on client versions of Windows
#

---------------  T H R E A D  ---------------

Current thread (0x0000000014779800):  JavaThread "C2 CompilerThread0" daemon [_thread_in_native, id=548, stack(0x0000000015de0000,0x0000000015ee0000)]

Stack: [0x0000000015de0000,0x0000000015ee0000]
[error occurred during error reporting (printing stack bounds), id 0xc0000005]

Native frames: (J=compiled Java code, j=interpreted, Vv=VM code, C=native code)


Current CompileTask:
C2:   2111 1019       4       com.android.dx.ssa.NormalSsaInsn::mapSourceRegisters (48 bytes)


---------------  P R O C E S S  ---------------

Java Threads: ( => current thread )
  0x0000000016112800 JavaThread "Service Thread" daemon [_thread_blocked, id=5484, stack(0x00000000164e0000,0x00000000165e0000)]
  0x0000000014787000 JavaThread "C1 CompilerThread2" daemon [_thread_in_vm, id=3956, stack(0x0000000015fe0000,0x00000000160e0000)]
  0x0000000014781000 JavaThread "C2 CompilerThread1" daemon [_thread_in_native, id=4588, stack(0x0000000015ee0000,0x0000000015fe0000)]
=>0x0000000014779800 JavaThread "C2 CompilerThread0" daemon [_thread_in_native, id=548, stack(0x0000000015de0000,0x0000000015ee0000)]
  0x0000000014778800 JavaThread "Attach Listener" daemon [_thread_blocked, id=812, stack(0x0000000015ce0000,0x0000000015de0000)]
  0x0000000014777800 JavaThread "Signal Dispatcher" daemon [_thread_blocked, id=5424, stack(0x0000000015be0000,0x0000000015ce0000)]
  0x00000000020a8800 JavaThread "Finalizer" daemon [_thread_blocked, id=4960, stack(0x00000000159f0000,0x0000000015af0000)]
  0x0000000014748800 JavaThread "Reference Handler" daemon [_thread_blocked, id=3224, stack(0x00000000158f0000,0x00000000159f0000)]
  0x0000000001fb2800 JavaThread "main" [_thread_in_native, id=5700, stack(0x0000000001eb0000,0x0000000001fb0000)]

Other Threads:
  0x0000000014746800 VMThread [stack: 0x00000000157f0000,0x00000000158f0000] [id=4120]
  0x0000000016114000 WatcherThread [stack: 0x00000000165e0000,0x00000000166e0000] [id=4956]

VM state:not at safepoint (normal execution)

VM Mutex/Monitor currently owned by a thread: None

Heap:
 PSYoungGen      total 18432K, used 4568K [0x00000000eab00000, 0x00000000ebf80000, 0x0000000100000000)
  eden space 15872K, 12% used [0x00000000eab00000,0x00000000eacfd7d0,0x00000000eba80000)
  from space 2560K, 98% used [0x00000000eba80000,0x00000000ebcf8ba8,0x00000000ebd00000)
  to   space 2560K, 0% used [0x00000000ebd00000,0x00000000ebd00000,0x00000000ebf80000)
 ParOldGen       total 42496K, used 1953K [0x00000000c0000000, 0x00000000c2980000, 0x00000000eab00000)
  object space 42496K, 4% used [0x00000000c0000000,0x00000000c01e86a8,0x00000000c2980000)
 Metaspace       used 5378K, capacity 6768K, committed 7040K, reserved 1056768K
  class space    used 545K, capacity 616K, committed 640K, reserved 1048576K

Card table byte_map: [0x0000000011470000,0x0000000011680000] byte_map_base: 0x0000000010e70000

Marking Bits: (ParMarkBitMap*) 0x00000000652ea5b0
 Begin Bits: [0x0000000011be0000, 0x0000000012be0000)
 End Bits:   [0x0000000012be0000, 0x0000000013be0000)

Polling page: 0x0000000000540000

CodeCache: size=245760Kb used=4143Kb max_used=4143Kb free=241616Kb
 bounds [0x00000000020b0000, 0x00000000024d0000, 0x00000000110b0000]
 total_blobs=1267 nmethods=1010 adapters=171
 compilation: enabled

Compilation events (10 events):
Event: 2.092 Thread 0x0000000014787000 nmethod 1002 0x0000000002499590 code [0x000000000249a160, 0x00000000024a2cb8]
Event: 2.092 Thread 0x0000000014787000 1017       1       com.android.dx.rop.code.PlainInsn::getCatches (4 bytes)
Event: 2.092 Thread 0x0000000014787000 nmethod 1017 0x00000000024908d0 code [0x0000000002490a20, 0x0000000002490b30]
Event: 2.092 Thread 0x0000000014787000 1008   !   3       com.android.dx.cf.code.Ropper::processBlock (1101 bytes)
Event: 2.100 Thread 0x0000000014779800 nmethod 1015 0x0000000002496e50 code [0x0000000002496fa0, 0x0000000002497518]
Event: 2.100 Thread 0x0000000014779800 1016       4       java.util.BitSet::cardinality (32 bytes)
Event: 2.101 Thread 0x0000000014779800 nmethod 1016 0x000000000245c290 code [0x000000000245c3c0, 0x000000000245c478]
Event: 2.101 Thread 0x0000000014779800 1019       4       com.android.dx.ssa.NormalSsaInsn::mapSourceRegisters (48 bytes)
Event: 2.108 Thread 0x0000000014787000 nmethod 1008 0x00000000024ab7d0 code [0x00000000024ac360, 0x00000000024b5fb8]
Event: 2.109 Thread 0x0000000014787000 1009       3       com.android.dx.cf.code.ByteCatchList::toRopCatchList (57 bytes)

GC Heap History (2 events):
Event: 2.010 GC heap before
{Heap before GC invocations=1 (full 0):
 PSYoungGen      total 18432K, used 15872K [0x00000000eab00000, 0x00000000ebf80000, 0x0000000100000000)
  eden space 15872K, 100% used [0x00000000eab00000,0x00000000eba80000,0x00000000eba80000)
  from space 2560K, 0% used [0x00000000ebd00000,0x00000000ebd00000,0x00000000ebf80000)
  to   space 2560K, 0% used [0x00000000eba80000,0x00000000eba80000,0x00000000ebd00000)
 ParOldGen       total 42496K, used 0K [0x00000000c0000000, 0x00000000c2980000, 0x00000000eab00000)
  object space 42496K, 0% used [0x00000000c0000000,0x00000000c0000000,0x00000000c2980000)
 Metaspace       used 5349K, capacity 6768K, committed 7040K, reserved 1056768K
  class space    used 545K, capacity 616K, committed 640K, reserved 1048576K
Event: 2.017 GC heap after
Heap after GC invocations=1 (full 0):
 PSYoungGen      total 18432K, used 2530K [0x00000000eab00000, 0x00000000ebf80000, 0x0000000100000000)
  eden space 15872K, 0% used [0x00000000eab00000,0x00000000eab00000,0x00000000eba80000)
  from space 2560K, 98% used [0x00000000eba80000,0x00000000ebcf8ba8,0x00000000ebd00000)
  to   space 2560K, 0% used [0x00000000ebd00000,0x00000000ebd00000,0x00000000ebf80000)
 ParOldGen       total 42496K, used 1953K [0x00000000c0000000, 0x00000000c2980000, 0x00000000eab00000)
  object space 42496K, 4% used [0x00000000c0000000,0x00000000c01e86a8,0x00000000c2980000)
 Metaspace       used 5349K, capacity 6768K, committed 7040K, reserved 1056768K
  class space    used 545K, capacity 616K, committed 640K, reserved 1048576K
}

Deoptimization events (10 events):
Event: 1.463 Thread 0x0000000001fb2800 Uncommon trap: reason=unstable_if action=reinterpret pc=0x0000000002262540 method=com.android.dx.rop.cst.CstFieldRef.compareTo0(Lcom/android/dx/rop/cst/Constant;)I @ 7
Event: 1.613 Thread 0x0000000001fb2800 Uncommon trap: reason=unstable_if action=reinterpret pc=0x00000000022ea9a8 method=java.util.HashMap.getNode(ILjava/lang/Object;)Ljava/util/HashMap$Node; @ 129
Event: 1.623 Thread 0x0000000001fb2800 Uncommon trap: reason=unstable_if action=reinterpret pc=0x00000000022e599c method=java.util.TreeMap.fixAfterInsertion(Ljava/util/TreeMap$Entry;)V @ 212
Event: 1.661 Thread 0x0000000001fb2800 Uncommon trap: reason=unstable_if action=reinterpret pc=0x00000000022ae140 method=java.lang.String.<init>([CII)V @ 18
Event: 1.667 Thread 0x0000000001fb2800 Uncommon trap: reason=unloaded action=reinterpret pc=0x000000000237cae0 method=com.android.dx.cf.cst.ConstantPoolParser.parse0(ILjava/util/BitSet;)Lcom/android/dx/rop/cst/Constant; @ 475
Event: 1.867 Thread 0x0000000001fb2800 Uncommon trap: reason=class_check action=maybe_recompile pc=0x000000000238150c method=com.android.dx.ssa.NormalSsaInsn.accept(Lcom/android/dx/ssa/SsaInsn$Visitor;)V @ 9
Event: 1.867 Thread 0x0000000001fb2800 Uncommon trap: reason=class_check action=maybe_recompile pc=0x000000000235b2b0 method=com.android.dx.ssa.NormalSsaInsn.accept(Lcom/android/dx/ssa/SsaInsn$Visitor;)V @ 9
Event: 1.867 Thread 0x0000000001fb2800 Uncommon trap: reason=class_check action=maybe_recompile pc=0x000000000235b2b0 method=com.android.dx.ssa.NormalSsaInsn.accept(Lcom/android/dx/ssa/SsaInsn$Visitor;)V @ 9
Event: 1.867 Thread 0x0000000001fb2800 Uncommon trap: reason=class_check action=maybe_recompile pc=0x000000000235b2b0 method=com.android.dx.ssa.NormalSsaInsn.accept(Lcom/android/dx/ssa/SsaInsn$Visitor;)V @ 9
Event: 1.880 Thread 0x0000000001fb2800 Uncommon trap: reason=class_check action=maybe_recompile pc=0x000000000238150c method=com.android.dx.ssa.NormalSsaInsn.accept(Lcom/android/dx/ssa/SsaInsn$Visitor;)V @ 9

Internal exceptions (2 events):
Event: 0.095 Thread 0x0000000001fb2800 Exception <a 'java/lang/NoSuchMethodError': Method sun.misc.Unsafe.defineClass(Ljava/lang/String;[BII)Ljava/lang/Class; name or signature does not match> (0x00000000eab0d540) thrown at [C:\workspace\8-2-build-windows-amd64-cygwin\jdk8u65\4987\hotspot\src\sùë.¡R¸?
Event: 0.095 Thread 0x0000000001fb2800 Exception <a 'java/lang/NoSuchMethodError': Method sun.misc.Unsafe.prefetchRead(Ljava/lang/Object;J)V name or signature does not match> (0x00000000eab0d828) thrown at [C:\workspace\8-2-build-windows-amd64-cygwin\jdk8u65\4987\hotspot\src\share\vm\prims\jni.

Events (10 events):
Event: 1.867 Thread 0x0000000001fb2800 DEOPT PACKING pc=0x000000000235b2b0 sp=0x0000000001fae820
Event: 1.867 Thread 0x0000000001fb2800 DEOPT UNPACKING pc=0x00000000020f582a sp=0x0000000001fae7c0 mode 2
Event: 1.867 Thread 0x0000000001fb2800 Uncommon trap: trap_request=0xffffffde fr.pc=0x000000000235b2b0
Event: 1.867 Thread 0x0000000001fb2800 DEOPT PACKING pc=0x000000000235b2b0 sp=0x0000000001fae820
Event: 1.867 Thread 0x0000000001fb2800 DEOPT UNPACKING pc=0x00000000020f582a sp=0x0000000001fae7c0 mode 2
Event: 1.880 Thread 0x0000000001fb2800 Uncommon trap: trap_request=0xffffffde fr.pc=0x000000000238150c
Event: 1.880 Thread 0x0000000001fb2800 DEOPT PACKING pc=0x000000000238150c sp=0x0000000001fae890
Event: 1.880 Thread 0x0000000001fb2800 DEOPT UNPACKING pc=0x00000000020f582a sp=0x0000000001fae7d0 mode 2
Event: 2.010 Executing VM operation: ParallelGCFailedAllocation
Event: 2.018 Executing VM operation: ParallelGCFailedAllocation done


Dynamic libraries:
0x00007ff6715e0000 - 0x00007ff671617000 	C:\Program Files\Java\jdk1.8.0_65\bin\java.exe
0x00007ffb23020000 - 0x00007ffb231cc000 	C:\Windows\SYSTEM32\ntdll.dll
0x00007ffb21f20000 - 0x00007ffb2205e000 	C:\Windows\system32\KERNEL32.DLL
0x00007ffb202f0000 - 0x00007ffb20405000 	C:\Windows\system32\KERNELBASE.dll
0x00007ffb1ed10000 - 0x00007ffb1ed9e000 	C:\Windows\system32\apphelp.dll
0x00007ffb1c830000 - 0x00007ffb1c883000 	C:\Windows\AppPatch\AppPatch64\AcGenral.DLL
0x00007ffb22690000 - 0x00007ffb2273a000 	C:\Windows\system32\msvcrt.dll
0x00007ffb1ff40000 - 0x00007ffb1ff6e000 	C:\Windows\SYSTEM32\SspiCli.dll
0x00007ffb20990000 - 0x00007ffb209e4000 	C:\Windows\system32\SHLWAPI.dll
0x00007ffb22350000 - 0x00007ffb224c7000 	C:\Windows\system32\USER32.dll
0x00007ffb22d20000 - 0x00007ffb22eb4000 	C:\Windows\system32\ole32.dll
0x00007ffb209f0000 - 0x00007ffb21f1b000 	C:\Windows\system32\SHELL32.dll
0x00007ffb1f710000 - 0x00007ffb1f731000 	C:\Windows\SYSTEM32\USERENV.dll
0x00007ffb208e0000 - 0x00007ffb2098a000 	C:\Windows\system32\ADVAPI32.dll
0x00007ffb1d6d0000 - 0x00007ffb1d6ee000 	C:\Windows\SYSTEM32\MPR.dll
0x00007ffb224d0000 - 0x00007ffb22611000 	C:\Windows\system32\RPCRT4.dll
0x00007ffb22a10000 - 0x00007ffb22a69000 	C:\Windows\SYSTEM32\sechost.dll
0x00007ffb206c0000 - 0x00007ffb208d1000 	C:\Windows\SYSTEM32\combase.dll
0x00007ffb22880000 - 0x00007ffb229d0000 	C:\Windows\system32\GDI32.dll
0x00007ffb20170000 - 0x00007ffb20185000 	C:\Windows\SYSTEM32\profapi.dll
0x00007ffb1ead0000 - 0x00007ffb1eb82000 	C:\Windows\SYSTEM32\SHCORE.dll
0x00007ffb229d0000 - 0x00007ffb22a06000 	C:\Windows\system32\IMM32.DLL
0x00007ffb22ec0000 - 0x00007ffb23012000 	C:\Windows\system32\MSCTF.dll
0x00007ffb154d0000 - 0x00007ffb1574b000 	C:\Windows\WinSxS\amd64_microsoft.windows.common-controls_6595b64144ccf1df_6.0.9600.18006_none_623f33d3ecbe86e8\COMCTL32.dll
0x0000000064580000 - 0x0000000064652000 	C:\Program Files\Java\jdk1.8.0_65\jre\bin\msvcr100.dll
0x0000000064ae0000 - 0x0000000065369000 	C:\Program Files\Java\jdk1.8.0_65\jre\bin\server\jvm.dll
0x00007ffb1e540000 - 0x00007ffb1e549000 	C:\Windows\SYSTEM32\WSOCK32.dll
0x00007ffb1c740000 - 0x00007ffb1c762000 	C:\Windows\SYSTEM32\WINMM.dll
0x00007ffb1d240000 - 0x00007ffb1d24a000 	C:\Windows\SYSTEM32\VERSION.dll
0x00007ffb22680000 - 0x00007ffb22687000 	C:\Windows\system32\PSAPI.DLL
0x00007ffb22620000 - 0x00007ffb2267a000 	C:\Windows\system32\WS2_32.dll
0x00007ffb1c090000 - 0x00007ffb1c0ba000 	C:\Windows\SYSTEM32\WINMMBASE.dll
0x00007ffb22b30000 - 0x00007ffb22b39000 	C:\Windows\system32\NSI.dll
0x00007ffb20470000 - 0x00007ffb204bf000 	C:\Windows\SYSTEM32\cfgmgr32.dll
0x00007ffb1ef70000 - 0x00007ffb1ef98000 	C:\Windows\SYSTEM32\DEVOBJ.dll
0x00000000649f0000 - 0x00000000649ff000 	C:\Program Files\Java\jdk1.8.0_65\jre\bin\verify.dll
0x00000000649c0000 - 0x00000000649e9000 	C:\Program Files\Java\jdk1.8.0_65\jre\bin\java.dll
0x00000000649a0000 - 0x00000000649b6000 	C:\Program Files\Java\jdk1.8.0_65\jre\bin\zip.dll

VM Arguments:
jvm_args: -Xmx1024M -Dfile.encoding=windows-1252 -Duser.country=BR -Duser.language=pt -Duser.variant 
java_command: com.android.dx.command.Main --dex --output C:\Users\Carol\Desktop\NavigationView-master\app\build\intermediates\dex\debug C:\Users\Carol\Desktop\NavigationView-master\app\build\intermediates\classes\debug C:\Users\Carol\Desktop\NavigationView-master\app\build\intermediates\pre-dexed\debug\support-annotations-22.2.0-2f251601f270ebeb9151aa179fdda85dc59e6aa2.jar C:\Users\Carol\Desktop\NavigationView-master\app\build\intermediates\pre-dexed\debug\classes-c7223490444b0c88de0e811480e795c4be9b6155.jar C:\Users\Carol\Desktop\NavigationView-master\app\build\intermediates\pre-dexed\debug\gson-2.2.4-aedc0cc5e881b426f0a4a440ca017a9687553656.jar C:\Users\Carol\Desktop\NavigationView-master\app\build\intermediates\pre-dexed\debug\classes-741aff51c173215587d2832300a9abf866ed7c44.jar C:\Users\Carol\Desktop\NavigationView-master\app\build\intermediates\pre-dexed\debug\internal_impl-22.2.0-75ac8ebb9fb9f1f915b606c00916522aa3418e24.jar C:\Users\Carol\Desktop\NavigationView-master\app\build\intermediates\pre-dexed\debug\classes-46c198a26b5cace5e64170d8b3c7a0926a53d957.jar C:\Users\Carol\Desktop\NavigationView-master\app\build\intermediates\pre-dexed\debug\classes-d821df97a1ffbd3e3254ff8ca9e370f79fb9f0ee.jar
java_class_path (initial): C:\Users\Carol\AppData\Local\Android\sdk\build-tools\22.0.1\lib\dx.jar
Launcher Type: SUN_STANDARD

Environment Variables:
PATH=C:\ProgramData\Oracle\Java\javapath;C:\Windows\system32;C:\Windows;C:\Windows\System32\Wbem;C:\Windows\System32\WindowsPowerShell\v1.0\;C:\Program Files\nodejs\;C:\Users\Carol\AppData\Roaming\npm
USERNAME=Carol
OS=Windows_NT
PROCESSOR_IDENTIFIER=Intel64 Family 6 Model 37 Stepping 5, GenuineIntel



---------------  S Y S T E M  ---------------

OS: Windows 8.1 , 64 bit Build 9600 (6.3.9600.17415)

CPU:total 4 (2 cores per cpu, 2 threads per core) family 6 model 37 stepping 5, cmov, cx8, fxsr, mmx, sse, sse2, sse3, ssse3, sse4.1, sse4.2, popcnt, ht, tsc, tscinvbit

Memory: 4k page, physical 3987308k(691904k free), swap 3987308k(5272k free)

vm_info: Java HotSpot(TM) 64-Bit Server VM (25.65-b01) for windows-amd64 JRE (1.8.0_65-b17), built on Oct  6 2015 16:39:20 by "java_re" with MS VC++ 10.0 (VS2010)

time: Fri Jan 15 22:34:40 2016
elapsed time: 2 seconds (0d 0h 0m 2s)

