#
# There is insufficient memory for the Java Runtime Environment to continue.
# Native memory allocation (malloc) failed to allocate 421936 bytes for Chunk::new
# Possible reasons:
#   The system is out of physical RAM or swap space
#   In 32 bit mode, the process size limit was hit
# Possible solutions:
#   Reduce memory load on the system
#   Increase physical memory or swap space
#   Check if swap backing store is full
#   Use 64 bit Java on a 64 bit OS
#   Decrease Java heap size (-Xmx/-Xms)
#   Decrease number of Java threads
#   Decrease Java thread stack sizes (-Xss)
#   Set larger code cache with -XX:ReservedCodeCacheSize=
# This output file may be truncated or incomplete.
#
#  Out of Memory Error (allocation.cpp:390), pid=3164, tid=4776
#
# JRE version: Java(TM) SE Runtime Environment (8.0_65-b17) (build 1.8.0_65-b17)
# Java VM: Java HotSpot(TM) 64-Bit Server VM (25.65-b01 mixed mode windows-amd64 compressed oops)
# Failed to write core dump. Minidumps are not enabled by default on client versions of Windows
#

---------------  T H R E A D  ---------------

Current thread (0x0000000014f7f800):  JavaThread "C2 CompilerThread1" daemon [_thread_in_native, id=4776, stack(0x00000000166c0000,0x00000000167c0000)]

Stack: [0x00000000166c0000,0x00000000167c0000]
[error occurred during error reporting (printing stack bounds), id 0xc0000005]

Native frames: (J=compiled Java code, j=interpreted, Vv=VM code, C=native code)


Current CompileTask:
C2:   1673 1617       4       com.android.dx.merge.IndexMap$EncodedValueTransformer::transform (495 bytes)


---------------  P R O C E S S  ---------------

Java Threads: ( => current thread )
  0x00000000168e6800 JavaThread "Service Thread" daemon [_thread_blocked, id=3708, stack(0x0000000016cc0000,0x0000000016dc0000)]
  0x0000000014f86800 JavaThread "C1 CompilerThread2" daemon [_thread_blocked, id=3532, stack(0x00000000167c0000,0x00000000168c0000)]
=>0x0000000014f7f800 JavaThread "C2 CompilerThread1" daemon [_thread_in_native, id=4776, stack(0x00000000166c0000,0x00000000167c0000)]
  0x0000000014f7c000 JavaThread "C2 CompilerThread0" daemon [_thread_in_native, id=3720, stack(0x00000000165c0000,0x00000000166c0000)]
  0x0000000014f7a800 JavaThread "Attach Listener" daemon [_thread_blocked, id=3080, stack(0x00000000164c0000,0x00000000165c0000)]
  0x0000000014f79800 JavaThread "Signal Dispatcher" daemon [_thread_blocked, id=4796, stack(0x00000000163c0000,0x00000000164c0000)]
  0x00000000028a6000 JavaThread "Finalizer" daemon [_thread_blocked, id=2840, stack(0x00000000161d0000,0x00000000162d0000)]
  0x000000000289d000 JavaThread "Reference Handler" daemon [_thread_blocked, id=3068, stack(0x00000000160d0000,0x00000000161d0000)]
  0x00000000027b2800 JavaThread "main" [_thread_blocked, id=4572, stack(0x00000000026b0000,0x00000000027b0000)]

Other Threads:
  0x0000000014f47800 VMThread [stack: 0x0000000015fd0000,0x00000000160d0000] [id=2252]
  0x000000001690a800 WatcherThread [stack: 0x0000000016dc0000,0x0000000016ec0000] [id=3688]

VM state:at safepoint (normal execution)

VM Mutex/Monitor currently owned by a thread:  ([mutex/lock_event])
[0x0000000000d3cca0] Threads_lock - owner thread: 0x0000000014f47800
[0x0000000000d3c6a0] Heap_lock - owner thread: 0x00000000027b2800

Heap:
 PSYoungGen      total 18432K, used 18418K [0x00000000eab00000, 0x00000000ebf80000, 0x0000000100000000)
  eden space 15872K, 100% used [0x00000000eab00000,0x00000000eba80000,0x00000000eba80000)
  from space 2560K, 99% used [0x00000000ebd00000,0x00000000ebf7c8a0,0x00000000ebf80000)
  to   space 2560K, 97% used [0x00000000eba80000,0x00000000ebcf2508,0x00000000ebd00000)
 ParOldGen       total 42496K, used 6376K [0x00000000c0000000, 0x00000000c2980000, 0x00000000eab00000)
  object space 42496K, 15% used [0x00000000c0000000,0x00000000c063a0b0,0x00000000c2980000)
 Metaspace       used 7326K, capacity 7812K, committed 8064K, reserved 1056768K
  class space    used 755K, capacity 820K, committed 896K, reserved 1048576K

Card table byte_map: [0x0000000011c70000,0x0000000011e80000] byte_map_base: 0x0000000011670000

Marking Bits: (ParMarkBitMap*) 0x000000006615a5b0
 Begin Bits: [0x00000000123e0000, 0x00000000133e0000)
 End Bits:   [0x00000000133e0000, 0x00000000143e0000)

Polling page: 0x0000000000cf0000

CodeCache: size=245760Kb used=5871Kb max_used=5879Kb free=239889Kb
 bounds [0x00000000028b0000, 0x0000000002e80000, 0x00000000118b0000]
 total_blobs=2076 nmethods=1788 adapters=202
 compilation: enabled

Compilation events (10 events):
Event: 1.656 Thread 0x0000000014f7c000 1784       4       com.android.dx.io.instructions.InstructionCodec::access$200 (5 bytes)
Event: 1.656 Thread 0x0000000014f86800 nmethod 1791 0x0000000002e6e590 code [0x0000000002e6e720, 0x0000000002e6ea38]
Event: 1.656 Thread 0x0000000014f7c000 nmethod 1784 0x00000000029b2290 code [0x00000000029b23c0, 0x00000000029b23f8]
Event: 1.656 Thread 0x0000000014f7c000 1712       4       com.android.dx.merge.DexMerger$1::write (9 bytes)
Event: 1.656 Thread 0x0000000014f86800 1792       3       java.util.Formatter$Flags::contains (22 bytes)
Event: 1.656 Thread 0x0000000014f86800 nmethod 1792 0x0000000002e71a90 code [0x0000000002e71c00, 0x0000000002e71e10]
Event: 1.657 Thread 0x0000000014f86800 1793       3       com.android.dex.TableOfContents$Section::<init> (26 bytes)
Event: 1.657 Thread 0x0000000014f86800 nmethod 1793 0x0000000002e716d0 code [0x0000000002e71820, 0x0000000002e719f0]
Event: 1.667 Thread 0x0000000014f86800 1794       1       com.android.dex.Dex::getTableOfContents (5 bytes)
Event: 1.667 Thread 0x0000000014f86800 nmethod 1794 0x0000000002e71410 code [0x0000000002e71560, 0x0000000002e71670]

GC Heap History (5 events):
Event: 0.781 GC heap before
{Heap before GC invocations=1 (full 0):
 PSYoungGen      total 18432K, used 15872K [0x00000000eab00000, 0x00000000ebf80000, 0x0000000100000000)
  eden space 15872K, 100% used [0x00000000eab00000,0x00000000eba80000,0x00000000eba80000)
  from space 2560K, 0% used [0x00000000ebd00000,0x00000000ebd00000,0x00000000ebf80000)
  to   space 2560K, 0% used [0x00000000eba80000,0x00000000eba80000,0x00000000ebd00000)
 ParOldGen       total 42496K, used 0K [0x00000000c0000000, 0x00000000c2980000, 0x00000000eab00000)
  object space 42496K, 0% used [0x00000000c0000000,0x00000000c0000000,0x00000000c2980000)
 Metaspace       used 5285K, capacity 6704K, committed 6784K, reserved 1056768K
  class space    used 545K, capacity 616K, committed 640K, reserved 1048576K
Event: 0.790 GC heap after
Heap after GC invocations=1 (full 0):
 PSYoungGen      total 18432K, used 2529K [0x00000000eab00000, 0x00000000ebf80000, 0x0000000100000000)
  eden space 15872K, 0% used [0x00000000eab00000,0x00000000eab00000,0x00000000eba80000)
  from space 2560K, 98% used [0x00000000eba80000,0x00000000ebcf8500,0x00000000ebd00000)
  to   space 2560K, 0% used [0x00000000ebd00000,0x00000000ebd00000,0x00000000ebf80000)
 ParOldGen       total 42496K, used 2225K [0x00000000c0000000, 0x00000000c2980000, 0x00000000eab00000)
  object space 42496K, 5% used [0x00000000c0000000,0x00000000c022c530,0x00000000c2980000)
 Metaspace       used 5285K, capacity 6704K, committed 6784K, reserved 1056768K
  class space    used 545K, capacity 616K, committed 640K, reserved 1048576K
}
Event: 1.500 GC heap before
{Heap before GC invocations=2 (full 0):
 PSYoungGen      total 18432K, used 18401K [0x00000000eab00000, 0x00000000ebf80000, 0x0000000100000000)
  eden space 15872K, 100% used [0x00000000eab00000,0x00000000eba80000,0x00000000eba80000)
  from space 2560K, 98% used [0x00000000eba80000,0x00000000ebcf8500,0x00000000ebd00000)
  to   space 2560K, 0% used [0x00000000ebd00000,0x00000000ebd00000,0x00000000ebf80000)
 ParOldGen       total 42496K, used 2225K [0x00000000c0000000, 0x00000000c2980000, 0x00000000eab00000)
  object space 42496K, 5% used [0x00000000c0000000,0x00000000c022c530,0x00000000c2980000)
 Metaspace       used 7226K, capacity 7748K, committed 8064K, reserved 1056768K
  class space    used 755K, capacity 820K, committed 896K, reserved 1048576K
Event: 1.509 GC heap after
Heap after GC invocations=2 (full 0):
 PSYoungGen      total 18432K, used 2546K [0x00000000eab00000, 0x00000000ebf80000, 0x0000000100000000)
  eden space 15872K, 0% used [0x00000000eab00000,0x00000000eab00000,0x00000000eba80000)
  from space 2560K, 99% used [0x00000000ebd00000,0x00000000ebf7c8a0,0x00000000ebf80000)
  to   space 2560K, 0% used [0x00000000eba80000,0x00000000eba80000,0x00000000ebd00000)
 ParOldGen       total 42496K, used 6376K [0x00000000c0000000, 0x00000000c2980000, 0x00000000eab00000)
  object space 42496K, 15% used [0x00000000c0000000,0x00000000c063a0b0,0x00000000c2980000)
 Metaspace       used 7226K, capacity 7748K, committed 8064K, reserved 1056768K
  class space    used 755K, capacity 820K, committed 896K, reserved 1048576K
}
Event: 1.668 GC heap before
{Heap before GC invocations=3 (full 0):
 PSYoungGen      total 18432K, used 18418K [0x00000000eab00000, 0x00000000ebf80000, 0x0000000100000000)
  eden space 15872K, 100% used [0x00000000eab00000,0x00000000eba80000,0x00000000eba80000)
  from space 2560K, 99% used [0x00000000ebd00000,0x00000000ebf7c8a0,0x00000000ebf80000)
  to   space 2560K, 0% used [0x00000000eba80000,0x00000000eba80000,0x00000000ebd00000)
 ParOldGen       total 42496K, used 6376K [0x00000000c0000000, 0x00000000c2980000, 0x00000000eab00000)
  object space 42496K, 15% used [0x00000000c0000000,0x00000000c063a0b0,0x00000000c2980000)
 Metaspace       used 7326K, capacity 7812K, committed 8064K, reserved 1056768K
  class space    used 755K, capacity 820K, committed 896K, reserved 1048576K

Deoptimization events (10 events):
Event: 1.447 Thread 0x00000000027b2800 Uncommon trap: reason=speculate_class_check action=maybe_recompile pc=0x0000000002d88b78 method=java.util.HashMap.putVal(ILjava/lang/Object;Ljava/lang/Object;ZZ)Ljava/lang/Object; @ 56
Event: 1.448 Thread 0x00000000027b2800 Uncommon trap: reason=speculate_class_check action=maybe_recompile pc=0x0000000002d88b78 method=java.util.HashMap.putVal(ILjava/lang/Object;Ljava/lang/Object;ZZ)Ljava/lang/Object; @ 56
Event: 1.448 Thread 0x00000000027b2800 Uncommon trap: reason=speculate_class_check action=maybe_recompile pc=0x0000000002d88bd0 method=java.util.HashMap.putVal(ILjava/lang/Object;Ljava/lang/Object;ZZ)Ljava/lang/Object; @ 152
Event: 1.448 Thread 0x00000000027b2800 Uncommon trap: reason=speculate_class_check action=maybe_recompile pc=0x0000000002d88b78 method=java.util.HashMap.putVal(ILjava/lang/Object;Ljava/lang/Object;ZZ)Ljava/lang/Object; @ 56
Event: 1.450 Thread 0x00000000027b2800 Uncommon trap: reason=unstable_if action=reinterpret pc=0x0000000002d58474 method=sun.misc.URLClassPath.getLoader(I)Lsun/misc/URLClassPath$Loader; @ 36
Event: 1.450 Thread 0x00000000027b2800 Uncommon trap: reason=unstable_if action=reinterpret pc=0x0000000002d43698 method=sun.misc.URLClassPath.getLoader(I)Lsun/misc/URLClassPath$Loader; @ 36
Event: 1.450 Thread 0x00000000027b2800 Uncommon trap: reason=unstable_if action=reinterpret pc=0x0000000002a2ca44 method=sun.misc.MetaIndex.mayContain(Ljava/lang/String;)Z @ 13
Event: 1.491 Thread 0x00000000027b2800 Uncommon trap: reason=predicate action=maybe_recompile pc=0x0000000002dadf48 method=com.android.dex.Leb128.readUnsignedLeb128(Lcom/android/dex/util/ByteInput;)I @ 41
Event: 1.545 Thread 0x00000000027b2800 Uncommon trap: reason=unstable_if action=reinterpret pc=0x0000000002dc4110 method=java.util.HashMap.putVal(ILjava/lang/Object;Ljava/lang/Object;ZZ)Ljava/lang/Object; @ 109
Event: 1.553 Thread 0x00000000027b2800 Uncommon trap: reason=unstable_if action=reinterpret pc=0x0000000002c9f004 method=java.util.HashMap.getNode(ILjava/lang/Object;)Ljava/util/HashMap$Node; @ 84

Internal exceptions (6 events):
Event: 0.075 Thread 0x00000000027b2800 Exception <a 'java/lang/NoSuchMethodError': Method sun.misc.Unsafe.defineClass(Ljava/lang/String;[BII)Ljava/lang/Class; name or signature does not match> (0x00000000eab0d870) thrown at [C:\workspace\8-2-build-windows-amd64-cygwin\jdk8u65\4987\hotspot\src\sË\éö4³?
Event: 0.075 Thread 0x00000000027b2800 Exception <a 'java/lang/NoSuchMethodError': Method sun.misc.Unsafe.prefetchRead(Ljava/lang/Object;J)V name or signature does not match> (0x00000000eab0db58) thrown at [C:\workspace\8-2-build-windows-amd64-cygwin\jdk8u65\4987\hotspot\src\share\vm\prims\jni.q¶Àú)6÷?
Event: 1.451 Thread 0x00000000027b2800 Exception <a 'java/security/PrivilegedActionException'> (0x00000000eb8f4810) thrown at [C:\workspace\8-2-build-windows-amd64-cygwin\jdk8u65\4987\hotspot\src\share\vm\prims\jvm.cpp, line 1386]
Event: 1.451 Thread 0x00000000027b2800 Exception <a 'java/security/PrivilegedActionException'> (0x00000000eb8f4c08) thrown at [C:\workspace\8-2-build-windows-amd64-cygwin\jdk8u65\4987\hotspot\src\share\vm\prims\jvm.cpp, line 1386]
Event: 1.452 Thread 0x00000000027b2800 Exception <a 'java/security/PrivilegedActionException'> (0x00000000eb8f8e20) thrown at [C:\workspace\8-2-build-windows-amd64-cygwin\jdk8u65\4987\hotspot\src\share\vm\prims\jvm.cpp, line 1386]
Event: 1.452 Thread 0x00000000027b2800 Exception <a 'java/security/PrivilegedActionException'> (0x00000000eb8f9218) thrown at [C:\workspace\8-2-build-windows-amd64-cygwin\jdk8u65\4987\hotspot\src\share\vm\prims\jvm.cpp, line 1386]

Events (10 events):
Event: 1.523 Thread 0x00000000027b2800 DEOPT UNPACKING pc=0x00000000028f747f sp=0x00000000027aec18 mode 0
Event: 1.523 Thread 0x00000000027b2800 DEOPT PACKING pc=0x0000000002d28eb3 sp=0x00000000027aef00
Event: 1.523 Thread 0x00000000027b2800 DEOPT UNPACKING pc=0x00000000028f747f sp=0x00000000027aec18 mode 0
Event: 1.545 Thread 0x00000000027b2800 Uncommon trap: trap_request=0xffffff65 fr.pc=0x0000000002dc4110
Event: 1.545 Thread 0x00000000027b2800 DEOPT PACKING pc=0x0000000002dc4110 sp=0x00000000027aefb0
Event: 1.545 Thread 0x00000000027b2800 DEOPT UNPACKING pc=0x00000000028f582a sp=0x00000000027aeef0 mode 2
Event: 1.553 Thread 0x00000000027b2800 Uncommon trap: trap_request=0xffffff65 fr.pc=0x0000000002c9f004
Event: 1.553 Thread 0x00000000027b2800 DEOPT PACKING pc=0x0000000002c9f004 sp=0x00000000027af040
Event: 1.553 Thread 0x00000000027b2800 DEOPT UNPACKING pc=0x00000000028f582a sp=0x00000000027aef60 mode 2
Event: 1.668 Executing VM operation: ParallelGCFailedAllocation


Dynamic libraries:
0x00007ff616500000 - 0x00007ff616537000 	C:\Program Files\Java\jdk1.8.0_65\bin\java.exe
0x00007ffbccde0000 - 0x00007ffbccf8c000 	C:\Windows\SYSTEM32\ntdll.dll
0x00007ffbccca0000 - 0x00007ffbccdde000 	C:\Windows\system32\KERNEL32.DLL
0x00007ffbca000000 - 0x00007ffbca115000 	C:\Windows\system32\KERNELBASE.dll
0x00007ffbc8ae0000 - 0x00007ffbc8b6e000 	C:\Windows\system32\apphelp.dll
0x00007ffbc2cd0000 - 0x00007ffbc2d23000 	C:\Windows\AppPatch\AppPatch64\AcGenral.DLL
0x00007ffbcac00000 - 0x00007ffbcacaa000 	C:\Windows\system32\msvcrt.dll
0x00007ffbc9d00000 - 0x00007ffbc9d2e000 	C:\Windows\SYSTEM32\SspiCli.dll
0x00007ffbcaea0000 - 0x00007ffbcaef4000 	C:\Windows\system32\SHLWAPI.dll
0x00007ffbcad20000 - 0x00007ffbcae97000 	C:\Windows\system32\USER32.dll
0x00007ffbca770000 - 0x00007ffbca904000 	C:\Windows\system32\ole32.dll
0x00007ffbcb6a0000 - 0x00007ffbccbcb000 	C:\Windows\system32\SHELL32.dll
0x00007ffbc94d0000 - 0x00007ffbc94f1000 	C:\Windows\SYSTEM32\USERENV.dll
0x00007ffbca6c0000 - 0x00007ffbca76a000 	C:\Windows\system32\ADVAPI32.dll
0x00007ffbbf1d0000 - 0x00007ffbbf1ee000 	C:\Windows\SYSTEM32\MPR.dll
0x00007ffbcb400000 - 0x00007ffbcb541000 	C:\Windows\system32\RPCRT4.dll
0x00007ffbcaac0000 - 0x00007ffbcab19000 	C:\Windows\SYSTEM32\sechost.dll
0x00007ffbcb0e0000 - 0x00007ffbcb2f1000 	C:\Windows\SYSTEM32\combase.dll
0x00007ffbcb550000 - 0x00007ffbcb69f000 	C:\Windows\system32\GDI32.dll
0x00007ffbc9f30000 - 0x00007ffbc9f45000 	C:\Windows\SYSTEM32\profapi.dll
0x00007ffbc84a0000 - 0x00007ffbc8552000 	C:\Windows\SYSTEM32\SHCORE.dll
0x00007ffbca680000 - 0x00007ffbca6b6000 	C:\Windows\system32\IMM32.DLL
0x00007ffbca520000 - 0x00007ffbca672000 	C:\Windows\system32\MSCTF.dll
0x00007ffbc8050000 - 0x00007ffbc82cb000 	C:\Windows\WinSxS\amd64_microsoft.windows.common-controls_6595b64144ccf1df_6.0.9600.18006_none_623f33d3ecbe86e8\COMCTL32.dll
0x00000000653f0000 - 0x00000000654c2000 	C:\Program Files\Java\jdk1.8.0_65\jre\bin\msvcr100.dll
0x0000000065950000 - 0x00000000661d9000 	C:\Program Files\Java\jdk1.8.0_65\jre\bin\server\jvm.dll
0x00007ffbc85b0000 - 0x00007ffbc85b9000 	C:\Windows\SYSTEM32\WSOCK32.dll
0x00007ffbc6a90000 - 0x00007ffbc6ab2000 	C:\Windows\SYSTEM32\WINMM.dll
0x00007ffbc3c30000 - 0x00007ffbc3c3a000 	C:\Windows\SYSTEM32\VERSION.dll
0x00007ffbccc90000 - 0x00007ffbccc97000 	C:\Windows\system32\PSAPI.DLL
0x00007ffbcab40000 - 0x00007ffbcab9a000 	C:\Windows\system32\WS2_32.dll
0x00007ffbc2c40000 - 0x00007ffbc2c6a000 	C:\Windows\SYSTEM32\WINMMBASE.dll
0x00007ffbcab20000 - 0x00007ffbcab29000 	C:\Windows\system32\NSI.dll
0x00007ffbca180000 - 0x00007ffbca1cf000 	C:\Windows\SYSTEM32\cfgmgr32.dll
0x00007ffbc8d30000 - 0x00007ffbc8d58000 	C:\Windows\SYSTEM32\DEVOBJ.dll
0x0000000065860000 - 0x000000006586f000 	C:\Program Files\Java\jdk1.8.0_65\jre\bin\verify.dll
0x0000000065830000 - 0x0000000065859000 	C:\Program Files\Java\jdk1.8.0_65\jre\bin\java.dll
0x0000000065810000 - 0x0000000065826000 	C:\Program Files\Java\jdk1.8.0_65\jre\bin\zip.dll

VM Arguments:
jvm_args: -Xmx1024M -Dfile.encoding=windows-1252 -Duser.country=BR -Duser.language=pt -Duser.variant 
java_command: com.android.dx.command.Main --dex --output C:\Users\Carol\Desktop\NavigationView-master\app\build\intermediates\dex\debug C:\Users\Carol\Desktop\NavigationView-master\app\build\intermediates\classes\debug C:\Users\Carol\Desktop\NavigationView-master\app\build\intermediates\pre-dexed\debug\support-annotations-22.2.0-2f251601f270ebeb9151aa179fdda85dc59e6aa2.jar C:\Users\Carol\Desktop\NavigationView-master\app\build\intermediates\pre-dexed\debug\classes-c7223490444b0c88de0e811480e795c4be9b6155.jar C:\Users\Carol\Desktop\NavigationView-master\app\build\intermediates\pre-dexed\debug\gson-2.2.4-aedc0cc5e881b426f0a4a440ca017a9687553656.jar C:\Users\Carol\Desktop\NavigationView-master\app\build\intermediates\pre-dexed\debug\classes-741aff51c173215587d2832300a9abf866ed7c44.jar C:\Users\Carol\Desktop\NavigationView-master\app\build\intermediates\pre-dexed\debug\internal_impl-22.2.0-75ac8ebb9fb9f1f915b606c00916522aa3418e24.jar C:\Users\Carol\Desktop\NavigationView-master\app\build\intermediates\pre-dexed\debug\classes-46c198a26b5cace5e64170d8b3c7a0926a53d957.jar C:\Users\Carol\Desktop\NavigationView-master\app\build\intermediates\pre-dexed\debug\classes-d821df97a1ffbd3e3254ff8ca9e370f79fb9f0ee.jar
java_class_path (initial): C:\Users\Carol\AppData\Local\Android\sdk\build-tools\22.0.1\lib\dx.jar
Launcher Type: SUN_STANDARD

Environment Variables:
PATH=C:\ProgramData\Oracle\Java\javapath;C:\Windows\system32;C:\Windows;C:\Windows\System32\Wbem;C:\Windows\System32\WindowsPowerShell\v1.0\;C:\Program Files\nodejs\;C:\Users\Carol\AppData\Roaming\npm
USERNAME=Carol
OS=Windows_NT
PROCESSOR_IDENTIFIER=Intel64 Family 6 Model 37 Stepping 5, GenuineIntel



---------------  S Y S T E M  ---------------

OS: Windows 8.1 , 64 bit Build 9600 (6.3.9600.17415)

CPU:total 4 (2 cores per cpu, 2 threads per core) family 6 model 37 stepping 5, cmov, cx8, fxsr, mmx, sse, sse2, sse3, ssse3, sse4.1, sse4.2, popcnt, ht, tsc, tscinvbit

Memory: 4k page, physical 3987308k(698616k free), swap 3987308k(5272k free)

vm_info: Java HotSpot(TM) 64-Bit Server VM (25.65-b01) for windows-amd64 JRE (1.8.0_65-b17), built on Oct  6 2015 16:39:20 by "java_re" with MS VC++ 10.0 (VS2010)

time: Wed Jan 13 23:08:28 2016
elapsed time: 1 seconds (0d 0h 0m 1s)

